# JRE version: OpenJDK Runtime Environment (17.0.7) (build 17.0.7+0-b2043.56-10550314)
# Java VM: OpenJDK 64-Bit Server VM (17.0.7+0-b2043.56-10550314, mixed mode, tiered, compressed oops, compressed class ptrs, g1 gc, windows-amd64)
GC Precious Log:
 CPUs: 4 total, 4 available
 Memory: 8071M
 Large Page Support: Disabled
 NUMA Support: Disabled
 Compressed Oops: Enabled (32-bit)
 Heap Region Size: 1M
 Heap Min Capacity: 8M
 Heap Initial Capacity: 128M
 Heap Max Capacity: 2G
 Pre-touch: Disabled
 Parallel Workers: 4
 Concurrent Workers: 1
 Concurrent Refinement Workers: 4
 Periodic GC: Disabled
Heap:
 garbage-first heap   total 334848K, used 139241K [0x0000000080000000, 0x0000000100000000)
  region size 1024K, 1 young (1024K), 1 survivors (1024K)
 Metaspace       used 145484K, committed 147520K, reserved 1179648K
  class space    used 19615K, committed 20608K, reserved 1048576K
GC Heap History (20 events):
Event: 3437.352 GC heap after
{Heap after GC invocations=87 (full 0):
 garbage-first heap   total 334848K, used 133985K [0x0000000080000000, 0x0000000100000000)
  region size 1024K, 2 young (2048K), 2 survivors (2048K)
 Metaspace       used 142633K, committed 144192K, reserved 1179648K
  class space    used 19227K, committed 19968K, reserved 1048576K
}
Event: 3583.245 GC heap before
{Heap before GC invocations=87 (full 0):
 garbage-first heap   total 334848K, used 273249K [0x0000000080000000, 0x0000000100000000)
  region size 1024K, 138 young (141312K), 2 survivors (2048K)
 Metaspace       used 142775K, committed 144320K, reserved 1179648K
  class space    used 19228K, committed 19968K, reserved 1048576K
}
Event: 3583.277 GC heap after
{Heap after GC invocations=88 (full 0):
 garbage-first heap   total 334848K, used 139443K [0x0000000080000000, 0x0000000100000000)
  region size 1024K, 8 young (8192K), 8 survivors (8192K)
 Metaspace       used 142775K, committed 144320K, reserved 1179648K
  class space    used 19228K, committed 19968K, reserved 1048576K
}
Event: 3740.240 GC heap before
{Heap before GC invocations=89 (full 0):
 garbage-first heap   total 334848K, used 274611K [0x0000000080000000, 0x0000000100000000)
  region size 1024K, 140 young (143360K), 8 survivors (8192K)
 Metaspace       used 142986K, committed 144512K, reserved 1179648K
  class space    used 19228K, committed 19968K, reserved 1048576K
}
Event: 3740.286 GC heap after
{Heap after GC invocations=90 (full 0):
 garbage-first heap   total 334848K, used 145262K [0x0000000080000000, 0x0000000100000000)
  region size 1024K, 13 young (13312K), 13 survivors (13312K)
 Metaspace       used 142986K, committed 144512K, reserved 1179648K
  class space    used 19228K, committed 19968K, reserved 1048576K
}
Event: 3740.368 GC heap before
{Heap before GC invocations=90 (full 0):
 garbage-first heap   total 334848K, used 148334K [0x0000000080000000, 0x0000000100000000)
  region size 1024K, 16 young (16384K), 13 survivors (13312K)
 Metaspace       used 142993K, committed 144576K, reserved 1179648K
  class space    used 19229K, committed 19968K, reserved 1048576K
}
Event: 3740.416 GC heap after
{Heap after GC invocations=91 (full 0):
 garbage-first heap   total 334848K, used 134307K [0x0000000080000000, 0x0000000100000000)
  region size 1024K, 2 young (2048K), 2 survivors (2048K)
 Metaspace       used 142993K, committed 144576K, reserved 1179648K
  class space    used 19229K, committed 19968K, reserved 1048576K
}
Event: 4217.309 GC heap before
{Heap before GC invocations=91 (full 0):
 garbage-first heap   total 334848K, used 270499K [0x0000000080000000, 0x0000000100000000)
  region size 1024K, 137 young (140288K), 2 survivors (2048K)
 Metaspace       used 143415K, committed 144960K, reserved 1179648K
  class space    used 19237K, committed 19968K, reserved 1048576K
}
Event: 4217.331 GC heap after
{Heap after GC invocations=92 (full 0):
 garbage-first heap   total 334848K, used 142806K [0x0000000080000000, 0x0000000100000000)
  region size 1024K, 11 young (11264K), 11 survivors (11264K)
 Metaspace       used 143415K, committed 144960K, reserved 1179648K
  class space    used 19237K, committed 19968K, reserved 1048576K
}
Event: 5022.911 GC heap before
{Heap before GC invocations=93 (full 0):
 garbage-first heap   total 334848K, used 286166K [0x0000000080000000, 0x0000000100000000)
  region size 1024K, 137 young (140288K), 11 survivors (11264K)
 Metaspace       used 145170K, committed 147264K, reserved 1179648K
  class space    used 19580K, committed 20608K, reserved 1048576K
}
Event: 5022.965 GC heap after
{Heap after GC invocations=94 (full 0):
 garbage-first heap   total 334848K, used 153908K [0x0000000080000000, 0x0000000100000000)
  region size 1024K, 12 young (12288K), 12 survivors (12288K)
 Metaspace       used 145170K, committed 147264K, reserved 1179648K
  class space    used 19580K, committed 20608K, reserved 1048576K
}
Event: 5023.000 GC heap before
{Heap before GC invocations=94 (full 0):
 garbage-first heap   total 334848K, used 156980K [0x0000000080000000, 0x0000000100000000)
  region size 1024K, 16 young (16384K), 12 survivors (12288K)
 Metaspace       used 145179K, committed 147264K, reserved 1179648K
  class space    used 19580K, committed 20608K, reserved 1048576K
}
Event: 5023.030 GC heap after
{Heap after GC invocations=95 (full 0):
 garbage-first heap   total 334848K, used 145788K [0x0000000080000000, 0x0000000100000000)
  region size 1024K, 1 young (1024K), 1 survivors (1024K)
 Metaspace       used 145179K, committed 147264K, reserved 1179648K
  class space    used 19580K, committed 20608K, reserved 1048576K
}
Event: 5023.206 GC heap before
{Heap before GC invocations=95 (full 0):
 garbage-first heap   total 334848K, used 152956K [0x0000000080000000, 0x0000000100000000)
  region size 1024K, 10 young (10240K), 1 survivors (1024K)
 Metaspace       used 145202K, committed 147264K, reserved 1179648K
  class space    used 19581K, committed 20608K, reserved 1048576K
}
Event: 5023.213 GC heap after
{Heap after GC invocations=96 (full 0):
 garbage-first heap   total 334848K, used 145142K [0x0000000080000000, 0x0000000100000000)
  region size 1024K, 1 young (1024K), 1 survivors (1024K)
 Metaspace       used 145202K, committed 147264K, reserved 1179648K
  class space    used 19581K, committed 20608K, reserved 1048576K
}
Event: 6258.096 GC heap before
{Heap before GC invocations=97 (full 0):
 garbage-first heap   total 334848K, used 287478K [0x0000000080000000, 0x0000000100000000)
  region size 1024K, 129 young (132096K), 1 survivors (1024K)
 Metaspace       used 145434K, committed 147456K, reserved 1179648K
  class space    used 19609K, committed 20608K, reserved 1048576K
}
Event: 6258.221 GC heap after
{Heap after GC invocations=98 (full 0):
 garbage-first heap   total 334848K, used 150846K [0x0000000080000000, 0x0000000100000000)
  region size 1024K, 10 young (10240K), 10 survivors (10240K)
 Metaspace       used 145434K, committed 147456K, reserved 1179648K
  class space    used 19609K, committed 20608K, reserved 1048576K
}
Event: 6258.447 GC heap before
{Heap before GC invocations=98 (full 0):
 garbage-first heap   total 334848K, used 155966K [0x0000000080000000, 0x0000000100000000)
  region size 1024K, 16 young (16384K), 10 survivors (10240K)
 Metaspace       used 145439K, committed 147456K, reserved 1179648K
  class space    used 19609K, committed 20608K, reserved 1048576K
}
Event: 6258.666 GC heap after
{Heap after GC invocations=99 (full 0):
 garbage-first heap   total 334848K, used 140150K [0x0000000080000000, 0x0000000100000000)
  region size 1024K, 2 young (2048K), 2 survivors (2048K)
 Metaspace       used 145439K, committed 147456K, reserved 1179648K
  class space    used 19609K, committed 20608K, reserved 1048576K
}
Event: 6259.272 GC heap before
{Heap before GC invocations=99 (full 0):
 garbage-first heap   total 334848K, used 145270K [0x0000000080000000, 0x0000000100000000)
  region size 1024K, 8 young (8192K), 2 survivors (2048K)
 Metaspace       used 145484K, committed 147520K, reserved 1179648K
  class space    used 19615K, committed 20608K, reserved 1048576K
}

